.\gradlew.bat : WARNING: A
 restricted method in java
.lang.System has been call
ed
At line:1 char:1
+ .\gradlew.bat bundleRele
ase 2>&1 | Out-File -FileP
ath build_log3.txt  ...
+ ~~~~~~~~~~~~~~~~~~~~~~~~
~~~~~~~~
    + CategoryInfo        
      : NotSpecified: (W  
  ARNING: A rest...has    
 been called:String) [    
], RemoteException
    + FullyQualifiedError 
   Id : NativeCommandErr  
  or
 
WARNING: java.lang.System:
:load has been called by n
et.rubygrapefruit.platform
.internal.NativeLibraryLoa
der in an unnamed module (
file:/C:/Users/yalci/.grad
le/wrapper/dists/gradle-8.
13-bin/5xuhj0ry160q40clula
zy9h7d/gradle-8.13/lib/nat
ive-platform-0.22-mileston
e-28.jar)
WARNING: Use --enable-nati
ve-access=ALL-UNNAMED to a
void a warning for callers
 in this module
WARNING: Restricted method
s will be blocked in a fut
ure release unless native 
access is enabled


Welcome to Gradle 8.13!

Here are the highlights of this release:
 - Daemon JVM auto-provisioning
 - Enhancements for Scala plugin and JUnit testing
 - Improvements for build authors and plugin developers

For more details see https://docs.gradle.org/8.13/release-notes.html


FAILURE: Build failed with
 an exception.

* What went wrong:
BUG! exception in phase 's
emantic analysis' in sourc
e unit '_BuildScript_' Uns
upported class file major 
version 69
> Unsupported class file m
ajor version 69

* Try:
> Run with --stacktrace op
tion to get the stack trac
e.
> Run with --info or --deb
ug option to get more log 
output.
> Run with --scan to get f
ull insights.
> Get more help at https:/
/help.gradle.org.

BUILD FAILED in 4s
