.\gradlew.bat : WARNING: A
 restricted method in java
.lang.System has been call
ed
At line:1 char:1
+ .\gradlew.bat bundleRele
ase 2>&1 | Out-File -FileP
ath build_log2.txt  ...
+ ~~~~~~~~~~~~~~~~~~~~~~~~
~~~~~~~~
    + CategoryInfo        
      : NotSpecified: (W  
  ARNING: A rest...has    
 been called:String) [    
], RemoteException
    + FullyQualifiedError 
   Id : NativeCommandErr  
  or
 
WARNING: java.lang.System:
:load has been called by n
et.rubygrapefruit.platform
.internal.NativeLibraryLoa
der in an unnamed module (
file:/C:/Users/yalci/.grad
le/wrapper/dists/gradle-8.
12-bin/cetblhg4pflnnks72fx
wobvgv/gradle-8.12/lib/nat
ive-platform-0.22-mileston
e-27.jar)
WARNING: Use --enable-nati
ve-access=ALL-UNNAMED to a
void a warning for callers
 in this module
WARNING: Restricted method
s will be blocked in a fut
ure release unless native 
access is enabled

Starting a Gradle Daemon, 2 incompatible Daemons could not be reused, use --status for details

FAILURE: Build failed with
 an exception.

* Where:
Settings file 'D:\SONS─░TE
LER─░M\16-SukurEt\sukurols
un\android\settings.gradle
' line: 5

* What went wrong:
A problem occurred evaluat
ing settings 'android'.
> BUG! exception in phase 
'semantic analysis' in sou
rce unit '_BuildScript_' U
nsupported class file majo
r version 69

* Try:
> Run with --stacktrace op
tion to get the stack trac
e.
> Run with --info or --deb
ug option to get more log 
output.
> Run with --scan to get f
ull insights.
> Get more help at https:/
/help.gradle.org.

BUILD FAILED in 4s
